[2025-02-18 05:31:22] local.ERROR: Cannot declare class App\Models\User, because the name is already in use {"exception":"[object] (Symfony\\Component\\ErrorHandler\\Error\\FatalError(code: 0): Cannot declare class App\\Models\\User, because the name is already in use at C:\\Users\\ThinKpad\\Downloads\\baruuu\\tracking-alumni (1)\\app\\Models\\UserModels.php:8)
[stacktrace]
#0 {main}
"} 
[2025-02-18 05:31:22] local.ERROR: Uncaught InvalidArgumentException: Please provide a valid cache path. in C:\Users\ThinKpad\Downloads\baruuu\tracking-alumni (1)\vendor\laravel\framework\src\Illuminate\View\Compilers\Compiler.php:67
Stack trace:
#0 C:\Users\ThinKpad\Downloads\baruuu\tracking-alumni (1)\vendor\laravel\framework\src\Illuminate\View\ViewServiceProvider.php(97): Illuminate\View\Compilers\Compiler->__construct(Object(Illuminate\Filesystem\Filesystem), false, '', true, 'php')
#1 C:\Users\ThinKpad\Downloads\baruuu\tracking-alumni (1)\vendor\laravel\framework\src\Illuminate\Container\Container.php(908): Illuminate\View\ViewServiceProvider->Illuminate\View\{closure}(Object(Illuminate\Foundation\Application), Array)
#2 C:\Users\ThinKpad\Downloads\baruuu\tracking-alumni (1)\vendor\laravel\framework\src\Illuminate\Container\Container.php(795): Illuminate\Container\Container->build(Object(Closure))
#3 C:\Users\ThinKpad\Downloads\baruuu\tracking-alumni (1)\vendor\laravel\framework\src\Illuminate\Foundation\Application.php(961): Illuminate\Container\Container->resolve('blade.compiler', Array, true)
#4 C:\Users\ThinKpad\Downloads\baruuu\tracking-alumni (1)\vendor\laravel\framework\src\Illuminate\Container\Container.php(731): Illuminate\Foundation\Application->resolve('blade.compiler', Array)
#5 C:\Users\ThinKpad\Downloads\baruuu\tracking-alumni (1)\vendor\laravel\framework\src\Illuminate\Foundation\Application.php(946): Illuminate\Container\Container->make('blade.compiler', Array)
#6 C:\Users\ThinKpad\Downloads\baruuu\tracking-alumni (1)\vendor\laravel\framework\src\Illuminate\Foundation\helpers.php(120): Illuminate\Foundation\Application->make('blade.compiler', Array)
#7 Command line code(1): app('Illuminate\\View...')
#8 {main}
  thrown {"exception":"[object] (Symfony\\Component\\ErrorHandler\\Error\\FatalError(code: 0): Uncaught InvalidArgumentException: Please provide a valid cache path. in C:\\Users\\ThinKpad\\Downloads\\baruuu\\tracking-alumni (1)\\vendor\\laravel\\framework\\src\\Illuminate\\View\\Compilers\\Compiler.php:67
Stack trace:
#0 C:\\Users\\ThinKpad\\Downloads\\baruuu\\tracking-alumni (1)\\vendor\\laravel\\framework\\src\\Illuminate\\View\\ViewServiceProvider.php(97): Illuminate\\View\\Compilers\\Compiler->__construct(Object(Illuminate\\Filesystem\\Filesystem), false, '', true, 'php')
#1 C:\\Users\\ThinKpad\\Downloads\\baruuu\\tracking-alumni (1)\\vendor\\laravel\\framework\\src\\Illuminate\\Container\\Container.php(908): Illuminate\\View\\ViewServiceProvider->Illuminate\\View\\{closure}(Object(Illuminate\\Foundation\\Application), Array)
#2 C:\\Users\\ThinKpad\\Downloads\\baruuu\\tracking-alumni (1)\\vendor\\laravel\\framework\\src\\Illuminate\\Container\\Container.php(795): Illuminate\\Container\\Container->build(Object(Closure))
#3 C:\\Users\\ThinKpad\\Downloads\\baruuu\\tracking-alumni (1)\\vendor\\laravel\\framework\\src\\Illuminate\\Foundation\\Application.php(961): Illuminate\\Container\\Container->resolve('blade.compiler', Array, true)
#4 C:\\Users\\ThinKpad\\Downloads\\baruuu\\tracking-alumni (1)\\vendor\\laravel\\framework\\src\\Illuminate\\Container\\Container.php(731): Illuminate\\Foundation\\Application->resolve('blade.compiler', Array)
#5 C:\\Users\\ThinKpad\\Downloads\\baruuu\\tracking-alumni (1)\\vendor\\laravel\\framework\\src\\Illuminate\\Foundation\\Application.php(946): Illuminate\\Container\\Container->make('blade.compiler', Array)
#6 C:\\Users\\ThinKpad\\Downloads\\baruuu\\tracking-alumni (1)\\vendor\\laravel\\framework\\src\\Illuminate\\Foundation\\helpers.php(120): Illuminate\\Foundation\\Application->make('blade.compiler', Array)
#7 Command line code(1): app('Illuminate\\\\View...')
#8 {main}
  thrown at C:\\Users\\ThinKpad\\Downloads\\baruuu\\tracking-alumni (1)\\vendor\\laravel\\framework\\src\\Illuminate\\View\\Compilers\\Compiler.php:67)
[stacktrace]
#0 {main}
"} 
[2025-02-18 05:31:22] local.ERROR: Uncaught InvalidArgumentException: Please provide a valid cache path. in C:\Users\ThinKpad\Downloads\baruuu\tracking-alumni (1)\vendor\laravel\framework\src\Illuminate\View\Compilers\Compiler.php:67
Stack trace:
#0 C:\Users\ThinKpad\Downloads\baruuu\tracking-alumni (1)\vendor\laravel\framework\src\Illuminate\View\ViewServiceProvider.php(97): Illuminate\View\Compilers\Compiler->__construct(Object(Illuminate\Filesystem\Filesystem), false, '', true, 'php')
#1 C:\Users\ThinKpad\Downloads\baruuu\tracking-alumni (1)\vendor\laravel\framework\src\Illuminate\Container\Container.php(908): Illuminate\View\ViewServiceProvider->Illuminate\View\{closure}(Object(Illuminate\Foundation\Application), Array)
#2 C:\Users\ThinKpad\Downloads\baruuu\tracking-alumni (1)\vendor\laravel\framework\src\Illuminate\Container\Container.php(795): Illuminate\Container\Container->build(Object(Closure))
#3 C:\Users\ThinKpad\Downloads\baruuu\tracking-alumni (1)\vendor\laravel\framework\src\Illuminate\Foundation\Application.php(961): Illuminate\Container\Container->resolve('blade.compiler', Array, true)
#4 C:\Users\ThinKpad\Downloads\baruuu\tracking-alumni (1)\vendor\laravel\framework\src\Illuminate\Container\Container.php(731): Illuminate\Foundation\Application->resolve('blade.compiler', Array)
#5 C:\Users\ThinKpad\Downloads\baruuu\tracking-alumni (1)\vendor\laravel\framework\src\Illuminate\Foundation\Application.php(946): Illuminate\Container\Container->make('blade.compiler', Array)
#6 C:\Users\ThinKpad\Downloads\baruuu\tracking-alumni (1)\vendor\laravel\framework\src\Illuminate\Foundation\helpers.php(120): Illuminate\Foundation\Application->make('blade.compiler', Array)
#7 Command line code(1): app('Illuminate\\View...')
#8 {main}
  thrown {"exception":"[object] (Symfony\\Component\\ErrorHandler\\Error\\FatalError(code: 0): Uncaught InvalidArgumentException: Please provide a valid cache path. in C:\\Users\\ThinKpad\\Downloads\\baruuu\\tracking-alumni (1)\\vendor\\laravel\\framework\\src\\Illuminate\\View\\Compilers\\Compiler.php:67
Stack trace:
#0 C:\\Users\\ThinKpad\\Downloads\\baruuu\\tracking-alumni (1)\\vendor\\laravel\\framework\\src\\Illuminate\\View\\ViewServiceProvider.php(97): Illuminate\\View\\Compilers\\Compiler->__construct(Object(Illuminate\\Filesystem\\Filesystem), false, '', true, 'php')
#1 C:\\Users\\ThinKpad\\Downloads\\baruuu\\tracking-alumni (1)\\vendor\\laravel\\framework\\src\\Illuminate\\Container\\Container.php(908): Illuminate\\View\\ViewServiceProvider->Illuminate\\View\\{closure}(Object(Illuminate\\Foundation\\Application), Array)
#2 C:\\Users\\ThinKpad\\Downloads\\baruuu\\tracking-alumni (1)\\vendor\\laravel\\framework\\src\\Illuminate\\Container\\Container.php(795): Illuminate\\Container\\Container->build(Object(Closure))
#3 C:\\Users\\ThinKpad\\Downloads\\baruuu\\tracking-alumni (1)\\vendor\\laravel\\framework\\src\\Illuminate\\Foundation\\Application.php(961): Illuminate\\Container\\Container->resolve('blade.compiler', Array, true)
#4 C:\\Users\\ThinKpad\\Downloads\\baruuu\\tracking-alumni (1)\\vendor\\laravel\\framework\\src\\Illuminate\\Container\\Container.php(731): Illuminate\\Foundation\\Application->resolve('blade.compiler', Array)
#5 C:\\Users\\ThinKpad\\Downloads\\baruuu\\tracking-alumni (1)\\vendor\\laravel\\framework\\src\\Illuminate\\Foundation\\Application.php(946): Illuminate\\Container\\Container->make('blade.compiler', Array)
#6 C:\\Users\\ThinKpad\\Downloads\\baruuu\\tracking-alumni (1)\\vendor\\laravel\\framework\\src\\Illuminate\\Foundation\\helpers.php(120): Illuminate\\Foundation\\Application->make('blade.compiler', Array)
#7 Command line code(1): app('Illuminate\\\\View...')
#8 {main}
  thrown at C:\\Users\\ThinKpad\\Downloads\\baruuu\\tracking-alumni (1)\\vendor\\laravel\\framework\\src\\Illuminate\\View\\Compilers\\Compiler.php:67)
[stacktrace]
#0 {main}
"} 
[2025-02-18 05:32:22] local.ERROR: Cannot declare class App\Models\User, because the name is already in use {"exception":"[object] (Symfony\\Component\\ErrorHandler\\Error\\FatalError(code: 0): Cannot declare class App\\Models\\User, because the name is already in use at C:\\Users\\ThinKpad\\Downloads\\baruuu\\tracking-alumni (1)\\app\\Models\\UserModels.php:8)
[stacktrace]
#0 {main}
"} 
